<?xml version="1.0" encoding="UTF-8"?>
<!-- Generated by org.testng.reporters.JUnitReportReporter -->
<testsuite hostname="LAPTOP-GLCNM1UD" failures="0" tests="1" name="com.qalegendbilling.testscipt.ResetTest" time="19.803" errors="0" timestamp="2023-09-05T08:39:50 IST" skipped="0">
  <testcase classname="com.qalegendbilling.testscipt.ResetTest" name="TC_003_verifyReset" time="19.803"/>
  <system-out/>
</testsuite> <!-- com.qalegendbilling.testscipt.ResetTest -->
