<?xml version="1.0" encoding="UTF-8"?>
<!-- Generated by org.testng.reporters.JUnitReportReporter -->
<testsuite hostname="LAPTOP-GLCNM1UD" failures="0" tests="1" name="com.qalegendbilling.testscipt.SignoutTest" time="13.562" errors="0" timestamp="2023-09-05T08:39:50 IST" skipped="0">
  <testcase classname="com.qalegendbilling.testscipt.SignoutTest" name="TC_005_verifySignout" time="13.562"/>
  <system-out/>
</testsuite> <!-- com.qalegendbilling.testscipt.SignoutTest -->
